GET - - - - ms 2024-05-26T02:09:50.721Z HTTP/1.1 /
GET - - - - ms 2024-05-26T02:09:50.842Z HTTP/1.1 /favicon.ico
GET - - - - ms 2024-05-26T02:09:52.647Z HTTP/1.1 /
GET - - - - ms 2024-05-26T02:10:51.567Z HTTP/1.1 /
POST - - - - ms 2024-05-26T02:14:07.251Z HTTP/1.1 /add-user
POST - - - - ms 2024-05-26T02:14:47.593Z HTTP/1.1 /add-user
GET - - - - ms 2024-05-26T02:15:05.679Z HTTP/1.1 /
GET - - - - ms 2024-05-26T02:15:23.047Z HTTP/1.1 /get-users
GET - - - - ms 2024-05-28T15:59:39.216Z HTTP/1.1 /get-users
GET - - - - ms 2024-05-28T15:59:39.300Z HTTP/1.1 /favicon.ico
GET - - - - ms 2024-05-28T15:59:42.011Z HTTP/1.1 /get-users
GET - - - - ms 2024-05-28T16:04:06.207Z HTTP/1.1 /get-users
GET - - - - ms 2024-05-28T16:50:14.945Z HTTP/1.1 /get-users
GET - - - - ms 2024-05-28T16:50:15.483Z HTTP/1.1 /get-users
GET - - - - ms 2024-05-28T16:50:15.641Z HTTP/1.1 /get-users
GET - - - - ms 2024-05-28T16:50:15.796Z HTTP/1.1 /get-users
GET - - - - ms 2024-05-28T16:50:15.900Z HTTP/1.1 /get-users
GET - - - - ms 2024-05-28T16:50:16.065Z HTTP/1.1 /get-users
GET - - - - ms 2024-05-28T16:50:16.293Z HTTP/1.1 /get-users
GET - - - - ms 2024-05-28T16:50:16.466Z HTTP/1.1 /get-users
GET - - - - ms 2024-05-28T16:50:16.674Z HTTP/1.1 /get-users
GET - - - - ms 2024-05-28T16:50:16.867Z HTTP/1.1 /get-users
GET - - - - ms 2024-05-28T16:50:17.050Z HTTP/1.1 /get-users
GET - - - - ms 2024-05-28T16:50:17.222Z HTTP/1.1 /get-users
GET - - - - ms 2024-05-28T16:50:17.395Z HTTP/1.1 /get-users
GET - - - - ms 2024-05-28T16:50:57.567Z HTTP/1.1 /get-users
GET - - - - ms 2024-05-28T16:50:58.032Z HTTP/1.1 /get-users
GET - - - - ms 2024-05-28T16:50:58.275Z HTTP/1.1 /get-users
GET - - - - ms 2024-05-28T16:50:58.440Z HTTP/1.1 /get-users
GET - - - - ms 2024-05-28T16:50:58.605Z HTTP/1.1 /get-users
GET - - - - ms 2024-05-28T16:51:34.778Z HTTP/1.1 /
GET - - - - ms 2024-05-28T16:52:00.835Z HTTP/1.1 /get-users
GET - - - - ms 2024-05-28T16:52:02.789Z HTTP/1.1 /get-users
GET - - - - ms 2024-05-28T16:52:02.967Z HTTP/1.1 /get-users
GET - - - - ms 2024-05-28T16:52:03.130Z HTTP/1.1 /get-users
POST - - - - ms 2024-05-28T16:59:42.821Z HTTP/1.1 /
POST - - - - ms 2024-05-28T17:00:09.209Z HTTP/1.1 /add-user
GET - - - - ms 2024-05-28T17:00:14.708Z HTTP/1.1 /get-users
GET - - - - ms 2024-05-28T17:00:19.849Z HTTP/1.1 /
PUT - - - - ms 2024-05-28T17:04:19.364Z HTTP/1.1 /add-user/user/:id
PUT - - - - ms 2024-05-28T17:04:31.923Z HTTP/1.1 /add-user/user/:6
PUT - - - - ms 2024-05-28T17:04:38.166Z HTTP/1.1 /add-user/user/6
PUT - - - - ms 2024-05-28T17:05:00.644Z HTTP/1.1 /user/6
GET - - - - ms 2024-05-28T17:05:10.020Z HTTP/1.1 /
GET - - - - ms 2024-05-28T17:05:23.108Z HTTP/1.1 //user/:6
GET - - - - ms 2024-05-28T17:05:28.700Z HTTP/1.1 //user/:6
GET - - - - ms 2024-05-28T17:05:34.346Z HTTP/1.1 //user/6
GET - - - - ms 2024-05-28T17:05:42.911Z HTTP/1.1 /user/6
GET - - - - ms 2024-05-28T17:05:44.617Z HTTP/1.1 /user/6
GET - - - - ms 2024-05-28T17:05:44.798Z HTTP/1.1 /user/6
GET - - - - ms 2024-05-28T17:05:44.975Z HTTP/1.1 /user/6
GET - - - - ms 2024-05-28T17:05:45.150Z HTTP/1.1 /user/6
